  DebugRenderer.cpp
  DefaultAnimationSM.cpp
c:\users\aaron\desktop\schoolwork\csci_522\hw4\peworkspace\code\primeengine\scene\defaultanimationsm.cpp(364): warning C4018: '<': signed/unsigned mismatch
c:\users\aaron\desktop\schoolwork\csci_522\hw4\peworkspace\code\primeengine\scene\defaultanimationsm.cpp(390): warning C4018: '<': signed/unsigned mismatch
c:\users\aaron\desktop\schoolwork\csci_522\hw4\peworkspace\code\primeengine\scene\defaultanimationsm.cpp(393): warning C4018: '<': signed/unsigned mismatch
c:\users\aaron\desktop\schoolwork\csci_522\hw4\peworkspace\code\primeengine\scene\defaultanimationsm.cpp(428): warning C4018: '<': signed/unsigned mismatch
c:\users\aaron\desktop\schoolwork\csci_522\hw4\peworkspace\code\primeengine\scene\defaultanimationsm.cpp(454): warning C4018: '<': signed/unsigned mismatch
c:\users\aaron\desktop\schoolwork\csci_522\hw4\peworkspace\code\primeengine\scene\defaultanimationsm.cpp(441): warning C4996: 'sprintf': This function or variable may be unsafe. Consider using sprintf_s instead. To disable deprecation, use _CRT_SECURE_NO_WARNINGS. See online help for details.
  c:\program files (x86)\windows kits\10\include\10.0.10240.0\ucrt\stdio.h(1769): note: see declaration of 'sprintf'
c:\users\aaron\desktop\schoolwork\csci_522\hw4\peworkspace\code\primeengine\scene\defaultanimationsm.cpp(479): warning C4996: 'sprintf': This function or variable may be unsafe. Consider using sprintf_s instead. To disable deprecation, use _CRT_SECURE_NO_WARNINGS. See online help for details.
  c:\program files (x86)\windows kits\10\include\10.0.10240.0\ucrt\stdio.h(1769): note: see declaration of 'sprintf'
c:\users\aaron\desktop\schoolwork\csci_522\hw4\peworkspace\code\primeengine\scene\defaultanimationsm.cpp(507): warning C4996: 'sprintf': This function or variable may be unsafe. Consider using sprintf_s instead. To disable deprecation, use _CRT_SECURE_NO_WARNINGS. See online help for details.
  c:\program files (x86)\windows kits\10\include\10.0.10240.0\ucrt\stdio.h(1769): note: see declaration of 'sprintf'
ShaderAction.obj : warning LNK4221: This object file does not define any previously undefined public symbols, so it will not be used by any link operation that consumes this library
SetInstanceControlConstantsShaderAction.obj : warning LNK4221: This object file does not define any previously undefined public symbols, so it will not be used by any link operation that consumes this library
SA_SetAndBind_ConstResource_SingleObjectAnimationPalette.obj : warning LNK4221: This object file does not define any previously undefined public symbols, so it will not be used by any link operation that consumes this library
SA_SetAndBind_ConstResource_PerInstanceData.obj : warning LNK4221: This object file does not define any previously undefined public symbols, so it will not be used by any link operation that consumes this library
SA_SetAndBind_ConstResource_InstancedObjectsAnimationPalettes.obj : warning LNK4221: This object file does not define any previously undefined public symbols, so it will not be used by any link operation that consumes this library
SA_CopyInto_SysMem_FromInstancedObjectsAnimationCSReduceResult.obj : warning LNK4221: This object file does not define any previously undefined public symbols, so it will not be used by any link operation that consumes this library
Profiling.obj : warning LNK4221: This object file does not define any previously undefined public symbols, so it will not be used by any link operation that consumes this library
ParticleSystemCPU.obj : warning LNK4221: This object file does not define any previously undefined public symbols, so it will not be used by any link operation that consumes this library
ParticleBufferCPU.obj : warning LNK4221: This object file does not define any previously undefined public symbols, so it will not be used by any link operation that consumes this library
VertexBufferGPUInputGeoDescs.obj : warning LNK4221: This object file does not define any previously undefined public symbols, so it will not be used by any link operation that consumes this library
Effect_GL.obj : warning LNK4221: This object file does not define any previously undefined public symbols, so it will not be used by any link operation that consumes this library
Effect_D3D11.obj : warning LNK4221: This object file does not define any previously undefined public symbols, so it will not be used by any link operation that consumes this library
  PrimeEngine-win32d3d9.vcxproj -> C:\Users\aaron\Desktop\Schoolwork\CSCI_522\HW4\PEWorkspace\Code\..\build\PrimeEngine-win32d3d9.lib
